<?xml version="1.0" encoding="UTF-8"?>
<!-- Generated by org.testng.reporters.JUnitXMLReporter -->
<testsuite ignored="0" hostname="DESKTOP-8BFHUKO" failures="0" tests="4" name="Default test" time="27.92" errors="0" timestamp="2026-02-17T22:22:47 IST">
  <testcase classname="coverfoxTestClass.CarPolicy" name="gettingPlansNewCar" time="1.822"/>
  <testcase classname="coverfoxTestClass.CarPolicy" name="gettingPlansWithoutCarNumber" time="1.927"/>
  <testcase classname="coverfoxTestClass.CarPolicy" name="validateErrorMessageIfCarNumDetails" time="3.175"/>
  <testcase classname="coverfoxTestClass.CarPolicy" name="validateErrorMessageOnInvalidCarNumber" time="2.152"/>
</testsuite> <!-- Default test -->
