<?xml version="1.0" encoding="UTF-8"?>
<!-- Generated by org.testng.reporters.JUnitXMLReporter -->
<testsuite ignored="3" hostname="DESKTOP-8BFHUKO" failures="0" tests="3" name="Test" time="20.975" errors="0" timestamp="2026-02-17T22:36:43 IST">
  <testcase classname="coverfoxTestClass.CarPolicy" name="gettingPlansWithoutCarNumber" time="2.03"/>
  <testcase classname="coverfoxTestClass.CarPolicy" name="validateErrorMessageIfCarNumDetails" time="3.033"/>
  <testcase classname="coverfoxTestClass.CarPolicy" name="validateErrorMessageOnInvalidCarNumber" time="2.183"/>
  <testcase classname="coverfoxTestClass.TC4ValidatePinCodeMobileErrorMessage" name="validatePinCodeErrMessage" time="0.0">
    <ignored/>
  </testcase> <!-- validatePinCodeErrMessage -->
  <testcase classname="coverfoxTestClass.TC4ValidatePinCodeMobileErrorMessage" name="validateMobileNumberCodeErrMessage" time="0.0">
    <ignored/>
  </testcase> <!-- validateMobileNumberCodeErrMessage -->
  <testcase classname="coverfoxTestClass.CarPolicy" name="gettingPlansNewCar" time="0.0">
    <ignored/>
  </testcase> <!-- gettingPlansNewCar -->
</testsuite> <!-- Test -->
