<?xml version="1.0" encoding="UTF-8"?>
<!-- Generated by org.testng.reporters.JUnitReportReporter -->
<testsuite hostname="DESKTOP-8BFHUKO" failures="0" tests="3" name="coverfoxTestClass.TC3Crossbrowser" time="94.133" errors="0" timestamp="2026-02-11T18:02:21 IST" skipped="0">
  <testcase classname="coverfoxTestClass.TC3Crossbrowser" name="validateBennerCount" time="31.277">
    <system-out>
      <![CDATA[Running on chrome
This is onTestStart() validateBennerCount
getting policy count
getting banner count
Actual Result : 48
Expected Result : 48
validateBennerCount passed]]>
    </system-out>
  </testcase> <!-- validateBennerCount -->
  <testcase classname="coverfoxTestClass.TC3Crossbrowser" name="validateBennerCount" time="34.477">
    <system-out>
      <![CDATA[Running on edge
This is onTestStart() validateBennerCount
getting policy count
getting banner count
Actual Result : 48
Expected Result : 48
validateBennerCount passed]]>
    </system-out>
  </testcase> <!-- validateBennerCount -->
  <testcase classname="coverfoxTestClass.TC3Crossbrowser" name="validateBennerCount" time="28.379">
    <system-out>
      <![CDATA[Running on firefox
This is onTestStart() validateBennerCount
getting policy count
getting banner count
Actual Result : 48
Expected Result : 48
validateBennerCount passed]]>
    </system-out>
  </testcase> <!-- validateBennerCount -->
  <system-out>
    <![CDATA[null
this is onStart() ChromeTest is started execution
Launching Browser
null
this is onStart() FireFoxTest is started execution
Launching Browser
null
this is onStart() EdgeTest is started execution
Launching Browser
Clicking on male button
Clicking on male button
clicking on next button
clicking on next button
Selecting your age......
Selecting your age......
Clicking on male button
clicking on next button
Selecting your age......
Clicking on next button
Clicking on next button
Running on chrome
This is onTestStart() validateBennerCount
Running on edge
This is onTestStart() validateBennerCount
getting policy count
Clicking on next button
getting banner count
Actual Result : 48
Expected Result : 48
validateBennerCount passed
Log out
Closing Application....
Closing Browser
getting policy count
getting banner count
Actual Result : 48
Expected Result : 48
validateBennerCount passed
Log out
Closing Application....
Closing Browser
Running on firefox
This is onTestStart() validateBennerCount
getting policy count
getting banner count
Actual Result : 48
Expected Result : 48
validateBennerCount passed
Log out
Closing Application....
Closing Browser]]>
  </system-out>
</testsuite> <!-- coverfoxTestClass.TC3Crossbrowser -->
