<?xml version="1.0" encoding="UTF-8"?>
<!-- Generated by org.testng.reporters.JUnitReportReporter -->
<testsuite hostname="DESKTOP-8BFHUKO" failures="0" tests="1" name="coverfoxTestClass.TC2ValidateBannerCount" time="24.114" errors="0" timestamp="2026-02-17T14:20:38 IST" skipped="0">
  <testcase classname="coverfoxTestClass.TC2ValidateBannerCount" name="validateBannerCountSelectOneMem" time="24.114">
    <system-out>
      <![CDATA[getting policy count
getting banner count
Actual Result : 48
Expected Result : 48]]>
    </system-out>
  </testcase> <!-- validateBannerCountSelectOneMem -->
  <system-out>
    <![CDATA[launching browser.....
waiting.............
Clicking on male button
clicking on next button
Selecting your age......
Clicking on next button
getting policy count
getting banner count
Actual Result : 48
Expected Result : 48
Log out
Closing Application....
Closing browser....]]>
  </system-out>
</testsuite> <!-- coverfoxTestClass.TC2ValidateBannerCount -->
