<?xml version="1.0" encoding="UTF-8"?>
<!-- Generated by org.testng.reporters.JUnitReportReporter -->
<testsuite hostname="DESKTOP-8BFHUKO" failures="0" tests="3" name="coverfoxTestClass.CarPolicy" time="20.869" errors="0" timestamp="2026-02-17T22:36:44 IST" skipped="0">
  <testcase classname="coverfoxTestClass.CarPolicy" name="validateErrorMessageOnInvalidCarNumber" time="6.206">
    <system-out>
      <![CDATA[validateErrorMessageOnInvalidCarNumber
validateErrorMessageOnInvalidCarNumber passed]]>
    </system-out>
  </testcase> <!-- validateErrorMessageOnInvalidCarNumber -->
  <testcase classname="coverfoxTestClass.CarPolicy" name="gettingPlansWithoutCarNumber" time="7.306">
    <system-out>
      <![CDATA[gettingPlansWithoutCarNumber
gettingPlansWithoutCarNumber passed]]>
    </system-out>
  </testcase> <!-- gettingPlansWithoutCarNumber -->
  <testcase classname="coverfoxTestClass.CarPolicy" name="validateErrorMessageIfCarNumDetails" time="7.357">
    <system-out>
      <![CDATA[validateErrorMessageIfCarNumDetails
Oh, we can’t proceed without your registration number. Do your bit?
Oh, we can’t proceed without your registration number. Do your bit?
validateErrorMessageIfCarNumDetails passed]]>
    </system-out>
  </testcase> <!-- validateErrorMessageIfCarNumDetails -->
  <system-out>
    <![CDATA[Test is started execution
launching browser.....
waiting.............
clicking on car button
gettingPlansWithoutCarNumber
gettingPlansWithoutCarNumber passed
Logging Out
Closing Browser
Closing browser....
launching browser.....
waiting.............
clicking on car button
validateErrorMessageIfCarNumDetails
Oh, we can’t proceed without your registration number. Do your bit?
Oh, we can’t proceed without your registration number. Do your bit?
validateErrorMessageIfCarNumDetails passed
Logging Out
Closing Browser
Closing browser....
launching browser.....
waiting.............
clicking on car button
validateErrorMessageOnInvalidCarNumber
validateErrorMessageOnInvalidCarNumber passed
Logging Out
Closing Browser
Closing browser....]]>
  </system-out>
</testsuite> <!-- coverfoxTestClass.CarPolicy -->
