<?xml version="1.0" encoding="UTF-8"?>
<!-- Generated by org.testng.reporters.JUnitReportReporter -->
<testsuite hostname="DESKTOP-8BFHUKO" failures="0" tests="1" name="coverfoxTestClass.TC123_ValidateBannerCount" time="80.593" errors="0" timestamp="2026-02-11T17:19:16 IST" skipped="0">
  <testcase classname="coverfoxTestClass.TC123_ValidateBannerCount" name="validateBannerCount" time="80.593">
    <system-out>
      <![CDATA[Test method is running 
getting policy count
getting banner count]]>
    </system-out>
  </testcase> <!-- validateBannerCount -->
  <system-out>
    <![CDATA[launching browser.....
waiting.............
Clicking on male button
Clicking on female button
Clickimg on father button
Clickining on husband button
Clickimg on father button
Clicking on daughther button
Clicking on son button
clciking on mother button
clicking on next button
Clicking on edit button
Clickimg on father button
clicking on next button
Selecting your age......
Selecting your husband age 
Selecting your Daughther age 
Selecting your Son Age 
selecting your Father age 
Selecting Your mother age
Clicking on next button
Test method is running 
getting policy count
getting banner count
Close Application
Closing browser....]]>
  </system-out>
</testsuite> <!-- coverfoxTestClass.TC123_ValidateBannerCount -->
