<?xml version="1.0" encoding="UTF-8"?>
<!-- Generated by org.testng.reporters.JUnitReportReporter -->
<testsuite hostname="DESKTOP-8BFHUKO" failures="0" tests="2" name="coverfoxTestClass.TC4ValidatePinCodeMobileErrorMessage" time="43.147" errors="0" timestamp="2026-02-17T22:35:33 IST" skipped="0">
  <testcase classname="coverfoxTestClass.TC4ValidatePinCodeMobileErrorMessage" name="validatePinCodeErrMessage" time="22.243">
    <system-out>
      <![CDATA[validatePinCodeErrMessage
validatePinCodeErrMessage passed]]>
    </system-out>
  </testcase> <!-- validatePinCodeErrMessage -->
  <testcase classname="coverfoxTestClass.TC4ValidatePinCodeMobileErrorMessage" name="validateMobileNumberCodeErrMessage" time="20.904">
    <system-out>
      <![CDATA[validateMobileNumberCodeErrMessage
validateMobileNumberCodeErrMessage passed]]>
    </system-out>
  </testcase> <!-- validateMobileNumberCodeErrMessage -->
  <system-out>
    <![CDATA[Test is started execution
launching browser.....
waiting.............
Clicking on male button
clicking on next button
Selecting your age......
Clicking on next button
validatePinCodeErrMessage
validatePinCodeErrMessage passed
Closing Application....
Closing browser....
launching browser.....
waiting.............
Clicking on male button
clicking on next button
Selecting your age......
Clicking on next button
validateMobileNumberCodeErrMessage
validateMobileNumberCodeErrMessage passed
Closing Application....
Closing browser....
launching browser.....
waiting.............
clicking on car button
gettingPlansNewCar
gettingPlansNewCar passed
Logging Out
Closing Browser
Closing browser....
launching browser.....
waiting.............
clicking on car button
gettingPlansWithoutCarNumber
gettingPlansWithoutCarNumber passed
Logging Out
Closing Browser
Closing browser....
launching browser.....
waiting.............
clicking on car button
validateErrorMessageIfCarNumDetails
Oh, we can’t proceed without your registration number. Do your bit?
Oh, we can’t proceed without your registration number. Do your bit?
validateErrorMessageIfCarNumDetails passed
Logging Out
Closing Browser
Closing browser....
launching browser.....
waiting.............
clicking on car button
validateErrorMessageOnInvalidCarNumber
validateErrorMessageOnInvalidCarNumber passed
Logging Out
Closing Browser
Closing browser....]]>
  </system-out>
</testsuite> <!-- coverfoxTestClass.TC4ValidatePinCodeMobileErrorMessage -->
